[debug] [2021-09-26T11:54:41.450Z] ----------------------------------------------------------------------
[debug] [2021-09-26T11:54:41.453Z] Command:       /usr/local/bin/node /usr/local/bin/firebase deploy
[debug] [2021-09-26T11:54:41.453Z] CLI Version:   9.16.0
[debug] [2021-09-26T11:54:41.453Z] Platform:      darwin
[debug] [2021-09-26T11:54:41.454Z] Node Version:  v12.19.0
[debug] [2021-09-26T11:54:41.455Z] Time:          Sun Sep 26 2021 20:54:41 GMT+0900 (GMT+09:00)
[debug] [2021-09-26T11:54:41.456Z] ----------------------------------------------------------------------
[debug] 
[debug] [2021-09-26T11:54:41.535Z] > command requires scopes: ["email","openid","https://www.googleapis.com/auth/cloudplatformprojects.readonly","https://www.googleapis.com/auth/firebase","https://www.googleapis.com/auth/cloud-platform"]
[debug] [2021-09-26T11:54:41.535Z] > authorizing via signed-in user (b.nxxxi551@gmail.com)
[debug] [2021-09-26T11:54:41.535Z] [iam] checking project portfolder-794ce for permissions ["firebase.projects.get","firebasehosting.sites.update"]
[debug] [2021-09-26T11:54:41.538Z] > refreshing access token with scopes: ["email","https://www.googleapis.com/auth/cloud-platform","https://www.googleapis.com/auth/cloudplatformprojects.readonly","https://www.googleapis.com/auth/firebase","openid"]
[debug] [2021-09-26T11:54:41.538Z] >>> HTTP REQUEST POST https://www.googleapis.com/oauth2/v3/token  
 <request body omitted>
[debug] [2021-09-26T11:54:41.837Z] <<< HTTP RESPONSE 200 {"expires":"Mon, 01 Jan 1990 00:00:00 GMT","date":"Sun, 26 Sep 2021 11:54:41 GMT","pragma":"no-cache","cache-control":"no-cache, no-store, max-age=0, must-revalidate","content-type":"application/json; charset=utf-8","vary":"X-Origin, Referer, Origin,Accept-Encoding","server":"scaffolding on HTTPServer2","x-xss-protection":"0","x-frame-options":"SAMEORIGIN","x-content-type-options":"nosniff","alt-svc":"h3=\":443\"; ma=2592000,h3-29=\":443\"; ma=2592000,h3-T051=\":443\"; ma=2592000,h3-Q050=\":443\"; ma=2592000,h3-Q046=\":443\"; ma=2592000,h3-Q043=\":443\"; ma=2592000,quic=\":443\"; ma=2592000; v=\"46,43\"","accept-ranges":"none","transfer-encoding":"chunked"}
[debug] [2021-09-26T11:54:41.866Z] >>> HTTP REQUEST POST https://cloudresourcemanager.googleapis.com/v1/projects/portfolder-794ce:testIamPermissions  
 {"permissions":["firebase.projects.get","firebasehosting.sites.update"]}
[debug] [2021-09-26T11:54:42.886Z] <<< HTTP RESPONSE 200 {"content-type":"application/json; charset=UTF-8","vary":"X-Origin, Referer, Origin,Accept-Encoding","date":"Sun, 26 Sep 2021 11:54:42 GMT","server":"ESF","cache-control":"private","x-xss-protection":"0","x-frame-options":"SAMEORIGIN","x-content-type-options":"nosniff","server-timing":"gfet4t7; dur=590","alt-svc":"h3=\":443\"; ma=2592000,h3-29=\":443\"; ma=2592000,h3-T051=\":443\"; ma=2592000,h3-Q050=\":443\"; ma=2592000,h3-Q046=\":443\"; ma=2592000,h3-Q043=\":443\"; ma=2592000,quic=\":443\"; ma=2592000; v=\"46,43\"","accept-ranges":"none","transfer-encoding":"chunked"}
[debug] [2021-09-26T11:54:42.896Z] > refreshing access token with scopes: []
[debug] [2021-09-26T11:54:42.901Z] >>> HTTP REQUEST POST https://www.googleapis.com/oauth2/v3/token  
 <request body omitted>
[debug] [2021-09-26T11:54:43.141Z] <<< HTTP RESPONSE 200 {"pragma":"no-cache","date":"Sun, 26 Sep 2021 11:54:43 GMT","cache-control":"no-cache, no-store, max-age=0, must-revalidate","expires":"Mon, 01 Jan 1990 00:00:00 GMT","content-type":"application/json; charset=utf-8","vary":"X-Origin, Referer, Origin,Accept-Encoding","server":"scaffolding on HTTPServer2","x-xss-protection":"0","x-frame-options":"SAMEORIGIN","x-content-type-options":"nosniff","alt-svc":"h3=\":443\"; ma=2592000,h3-29=\":443\"; ma=2592000,h3-T051=\":443\"; ma=2592000,h3-Q050=\":443\"; ma=2592000,h3-Q046=\":443\"; ma=2592000,h3-Q043=\":443\"; ma=2592000,quic=\":443\"; ma=2592000; v=\"46,43\"","accept-ranges":"none","transfer-encoding":"chunked"}
[debug] [2021-09-26T11:54:43.161Z] >>> [apiv2][query] GET https://firebase.googleapis.com/v1beta1/projects/portfolder-794ce [none]
[debug] [2021-09-26T11:54:43.756Z] <<< [apiv2][status] GET https://firebase.googleapis.com/v1beta1/projects/portfolder-794ce 200
[debug] [2021-09-26T11:54:43.756Z] <<< [apiv2][body] GET https://firebase.googleapis.com/v1beta1/projects/portfolder-794ce {"projectId":"portfolder-794ce","projectNumber":"560990747349","displayName":"portfolder","name":"projects/portfolder-794ce","resources":{"hostingSite":"portfolder-794ce"},"state":"ACTIVE"}
[info] 
[info] === Deploying to 'portfolder-794ce'...
[info] 
[info] i  deploying hosting 
[debug] [2021-09-26T11:54:43.761Z] > refreshing access token with scopes: ["email","https://www.googleapis.com/auth/cloud-platform","https://www.googleapis.com/auth/cloudplatformprojects.readonly","https://www.googleapis.com/auth/firebase","openid"]
[debug] [2021-09-26T11:54:43.761Z] >>> HTTP REQUEST POST https://www.googleapis.com/oauth2/v3/token  
 <request body omitted>
[debug] [2021-09-26T11:54:44.003Z] <<< HTTP RESPONSE 200 {"pragma":"no-cache","expires":"Mon, 01 Jan 1990 00:00:00 GMT","date":"Sun, 26 Sep 2021 11:54:43 GMT","cache-control":"no-cache, no-store, max-age=0, must-revalidate","content-type":"application/json; charset=utf-8","vary":"X-Origin, Referer, Origin,Accept-Encoding","server":"scaffolding on HTTPServer2","x-xss-protection":"0","x-frame-options":"SAMEORIGIN","x-content-type-options":"nosniff","alt-svc":"h3=\":443\"; ma=2592000,h3-29=\":443\"; ma=2592000,h3-T051=\":443\"; ma=2592000,h3-Q050=\":443\"; ma=2592000,h3-Q046=\":443\"; ma=2592000,h3-Q043=\":443\"; ma=2592000,quic=\":443\"; ma=2592000; v=\"46,43\"","accept-ranges":"none","transfer-encoding":"chunked"}
[debug] [2021-09-26T11:54:44.022Z] >>> HTTP REQUEST POST https://firebasehosting.googleapis.com/v1beta1/sites/portfolder-794ce/versions  
 {"config":{"rewrites":[{"glob":"**","path":"/index.html"}]},"labels":{"deployment-tool":"cli-firebase"}}
[debug] [2021-09-26T11:54:45.585Z] <<< HTTP RESPONSE 200 {"content-type":"application/json; charset=UTF-8","vary":"X-Origin, Referer, Origin,Accept-Encoding","date":"Sun, 26 Sep 2021 11:54:45 GMT","server":"ESF","cache-control":"private","x-xss-protection":"0","x-frame-options":"SAMEORIGIN","x-content-type-options":"nosniff","alt-svc":"h3=\":443\"; ma=2592000,h3-29=\":443\"; ma=2592000,h3-T051=\":443\"; ma=2592000,h3-Q050=\":443\"; ma=2592000,h3-Q046=\":443\"; ma=2592000,h3-Q043=\":443\"; ma=2592000,quic=\":443\"; ma=2592000; v=\"46,43\"","accept-ranges":"none","transfer-encoding":"chunked"}
[info] i  hosting[portfolder-794ce]: beginning deploy... 
[info] i  hosting[portfolder-794ce]: found 16 files in build 
[debug] [2021-09-26T11:54:45.602Z] [hosting] hash cache [YnVpbGQ] not populated
[debug] [2021-09-26T11:54:45.884Z] > refreshing access token with scopes: []
[debug] [2021-09-26T11:54:45.884Z] >>> HTTP REQUEST POST https://www.googleapis.com/oauth2/v3/token  
 <request body omitted>
[debug] [2021-09-26T11:54:45.886Z] [hosting] hash cache [YnVpbGQ] stored for 16 files
[debug] [2021-09-26T11:54:45.886Z] [hosting][hash queue][FINAL] {"max":276,"min":20,"avg":40.8125,"active":0,"complete":16,"success":16,"errored":0,"retried":0,"total":16,"elapsed":283}
[debug] [2021-09-26T11:54:46.102Z] <<< HTTP RESPONSE 200 {"date":"Sun, 26 Sep 2021 11:54:46 GMT","pragma":"no-cache","expires":"Mon, 01 Jan 1990 00:00:00 GMT","cache-control":"no-cache, no-store, max-age=0, must-revalidate","content-type":"application/json; charset=utf-8","vary":"X-Origin, Referer, Origin,Accept-Encoding","server":"scaffolding on HTTPServer2","x-xss-protection":"0","x-frame-options":"SAMEORIGIN","x-content-type-options":"nosniff","alt-svc":"h3=\":443\"; ma=2592000,h3-29=\":443\"; ma=2592000,h3-T051=\":443\"; ma=2592000,h3-Q050=\":443\"; ma=2592000,h3-Q046=\":443\"; ma=2592000,h3-Q043=\":443\"; ma=2592000,quic=\":443\"; ma=2592000; v=\"46,43\"","accept-ranges":"none","transfer-encoding":"chunked"}
[debug] [2021-09-26T11:54:46.135Z] >>> [apiv2][query] POST https://firebasehosting.googleapis.com/v1beta1/sites/portfolder-794ce/versions/e94902fb817d54ea:populateFiles [none]
[debug] [2021-09-26T11:54:46.135Z] >>> [apiv2][body] POST https://firebasehosting.googleapis.com/v1beta1/sites/portfolder-794ce/versions/e94902fb817d54ea:populateFiles {"files":{"/asset-manifest.json":"8d58ea2de6d7f70913d4f85d80b2fcecefe6be4dcb92b0aaf08a982b001e4c7a","/index.html":"6cc90f5a250034f401f527db40f4dee91c804d5384203325a129ad607f6e1a37","/favicon.ico":"c81fe46aa56ff717146af829dfdd7b9caa5caf51a1d8e65f6843335dec38c2f9","/static/css/main.6dea0f05.chunk.css":"dacbfbddb866b717cd31bd1c353e8c52f55e801e575dac21f02605217ab9f30f","/static/js/2.74939f60.chunk.js.LICENSE.txt":"161b7699b3aef14a2041a4ca1d13fa1f5f8178bf9917ef90e8341bbf204c1fb6","/robots.txt":"391d14b3c2f8c9143a27a28c7399585142228d4d1bdbe2c87ac946de411fa9a2","/static/js/main.71ff4b27.chunk.js":"7f7aaa7fdc01bc2d7e5e98074f1f42f25a401795a7a5088aab9d256a67701b1f","/static/css/main.6dea0f05.chunk.css.map":"ea654bda1e9cc756dcee1bbd2a4c3dd70c089fdd50680543b7bbe9dc5d9743d3","/manifest.json":"341d52628782f8ac9290bbfc43298afccb47b7cbfcee146ae30cf0f46bc30900","/static/js/runtime-main.8233b8b5.js":"80fbfccd28d0a5099abbd74ee7317ef9d493d3392921ec01a36ab9ae2fdd8850","/static/js/runtime-main.8233b8b5.js.map":"e239d13f107ec7553941f3895a31b08dff45b00d4afc63598c3cb5684f623297","/logo192.png":"b6d536a4ad34ade7f3e29832862aa72cf87c179a3c93752fc9097b31ae9e39ff","/static/js/main.71ff4b27.chunk.js.map":"855bfc069a38ce9f24274bd2cf88eeb72c67db5b9777e1edbb64c5bd0b2a8444","/logo512.png":"95c6c19d1765afb5e489883a64de60caa980aa45c129eae52568585d660be15a","/static/js/2.74939f60.chunk.js":"8662613b3a54a776fe55aaebbaba57a8dd60c04a10b51f4a2d996ff3d33c8699","/static/js/2.74939f60.chunk.js.map":"11e7aafee771e1dddb43f8e9f058fb4d4d8dc5bf288a72f79c5a546407b1a124"}}
[debug] [2021-09-26T11:54:47.271Z] <<< [apiv2][status] POST https://firebasehosting.googleapis.com/v1beta1/sites/portfolder-794ce/versions/e94902fb817d54ea:populateFiles 200
[debug] [2021-09-26T11:54:47.272Z] <<< [apiv2][body] POST https://firebasehosting.googleapis.com/v1beta1/sites/portfolder-794ce/versions/e94902fb817d54ea:populateFiles {"uploadRequiredHashes":["e239d13f107ec7553941f3895a31b08dff45b00d4afc63598c3cb5684f623297","80fbfccd28d0a5099abbd74ee7317ef9d493d3392921ec01a36ab9ae2fdd8850","6cc90f5a250034f401f527db40f4dee91c804d5384203325a129ad607f6e1a37","ea654bda1e9cc756dcee1bbd2a4c3dd70c089fdd50680543b7bbe9dc5d9743d3","7f7aaa7fdc01bc2d7e5e98074f1f42f25a401795a7a5088aab9d256a67701b1f","95c6c19d1765afb5e489883a64de60caa980aa45c129eae52568585d660be15a","c81fe46aa56ff717146af829dfdd7b9caa5caf51a1d8e65f6843335dec38c2f9","b6d536a4ad34ade7f3e29832862aa72cf87c179a3c93752fc9097b31ae9e39ff","8d58ea2de6d7f70913d4f85d80b2fcecefe6be4dcb92b0aaf08a982b001e4c7a","341d52628782f8ac9290bbfc43298afccb47b7cbfcee146ae30cf0f46bc30900","11e7aafee771e1dddb43f8e9f058fb4d4d8dc5bf288a72f79c5a546407b1a124","8662613b3a54a776fe55aaebbaba57a8dd60c04a10b51f4a2d996ff3d33c8699","391d14b3c2f8c9143a27a28c7399585142228d4d1bdbe2c87ac946de411fa9a2","855bfc069a38ce9f24274bd2cf88eeb72c67db5b9777e1edbb64c5bd0b2a8444","dacbfbddb866b717cd31bd1c353e8c52f55e801e575dac21f02605217ab9f30f","161b7699b3aef14a2041a4ca1d13fa1f5f8178bf9917ef90e8341bbf204c1fb6"],"uploadUrl":"https://upload-firebasehosting.googleapis.com/upload/sites/portfolder-794ce/versions/e94902fb817d54ea/files"}
[debug] [2021-09-26T11:54:47.277Z] >>> [apiv2][query] POST https://upload-firebasehosting.googleapis.com/upload/sites/portfolder-794ce/versions/e94902fb817d54ea/files/e239d13f107ec7553941f3895a31b08dff45b00d4afc63598c3cb5684f623297 [none]
[debug] [2021-09-26T11:54:47.277Z] >>> [apiv2][body] POST https://upload-firebasehosting.googleapis.com/upload/sites/portfolder-794ce/versions/e94902fb817d54ea/files/e239d13f107ec7553941f3895a31b08dff45b00d4afc63598c3cb5684f623297 [stream]
[debug] [2021-09-26T11:54:47.279Z] >>> [apiv2][query] POST https://upload-firebasehosting.googleapis.com/upload/sites/portfolder-794ce/versions/e94902fb817d54ea/files/80fbfccd28d0a5099abbd74ee7317ef9d493d3392921ec01a36ab9ae2fdd8850 [none]
[debug] [2021-09-26T11:54:47.280Z] >>> [apiv2][body] POST https://upload-firebasehosting.googleapis.com/upload/sites/portfolder-794ce/versions/e94902fb817d54ea/files/80fbfccd28d0a5099abbd74ee7317ef9d493d3392921ec01a36ab9ae2fdd8850 [stream]
[debug] [2021-09-26T11:54:47.281Z] >>> [apiv2][query] POST https://upload-firebasehosting.googleapis.com/upload/sites/portfolder-794ce/versions/e94902fb817d54ea/files/6cc90f5a250034f401f527db40f4dee91c804d5384203325a129ad607f6e1a37 [none]
[debug] [2021-09-26T11:54:47.281Z] >>> [apiv2][body] POST https://upload-firebasehosting.googleapis.com/upload/sites/portfolder-794ce/versions/e94902fb817d54ea/files/6cc90f5a250034f401f527db40f4dee91c804d5384203325a129ad607f6e1a37 [stream]
[debug] [2021-09-26T11:54:47.283Z] >>> [apiv2][query] POST https://upload-firebasehosting.googleapis.com/upload/sites/portfolder-794ce/versions/e94902fb817d54ea/files/ea654bda1e9cc756dcee1bbd2a4c3dd70c089fdd50680543b7bbe9dc5d9743d3 [none]
[debug] [2021-09-26T11:54:47.283Z] >>> [apiv2][body] POST https://upload-firebasehosting.googleapis.com/upload/sites/portfolder-794ce/versions/e94902fb817d54ea/files/ea654bda1e9cc756dcee1bbd2a4c3dd70c089fdd50680543b7bbe9dc5d9743d3 [stream]
[debug] [2021-09-26T11:54:47.287Z] >>> [apiv2][query] POST https://upload-firebasehosting.googleapis.com/upload/sites/portfolder-794ce/versions/e94902fb817d54ea/files/7f7aaa7fdc01bc2d7e5e98074f1f42f25a401795a7a5088aab9d256a67701b1f [none]
[debug] [2021-09-26T11:54:47.287Z] >>> [apiv2][body] POST https://upload-firebasehosting.googleapis.com/upload/sites/portfolder-794ce/versions/e94902fb817d54ea/files/7f7aaa7fdc01bc2d7e5e98074f1f42f25a401795a7a5088aab9d256a67701b1f [stream]
[debug] [2021-09-26T11:54:47.288Z] >>> [apiv2][query] POST https://upload-firebasehosting.googleapis.com/upload/sites/portfolder-794ce/versions/e94902fb817d54ea/files/95c6c19d1765afb5e489883a64de60caa980aa45c129eae52568585d660be15a [none]
[debug] [2021-09-26T11:54:47.288Z] >>> [apiv2][body] POST https://upload-firebasehosting.googleapis.com/upload/sites/portfolder-794ce/versions/e94902fb817d54ea/files/95c6c19d1765afb5e489883a64de60caa980aa45c129eae52568585d660be15a [stream]
[debug] [2021-09-26T11:54:47.289Z] >>> [apiv2][query] POST https://upload-firebasehosting.googleapis.com/upload/sites/portfolder-794ce/versions/e94902fb817d54ea/files/c81fe46aa56ff717146af829dfdd7b9caa5caf51a1d8e65f6843335dec38c2f9 [none]
[debug] [2021-09-26T11:54:47.289Z] >>> [apiv2][body] POST https://upload-firebasehosting.googleapis.com/upload/sites/portfolder-794ce/versions/e94902fb817d54ea/files/c81fe46aa56ff717146af829dfdd7b9caa5caf51a1d8e65f6843335dec38c2f9 [stream]
[debug] [2021-09-26T11:54:47.292Z] >>> [apiv2][query] POST https://upload-firebasehosting.googleapis.com/upload/sites/portfolder-794ce/versions/e94902fb817d54ea/files/b6d536a4ad34ade7f3e29832862aa72cf87c179a3c93752fc9097b31ae9e39ff [none]
[debug] [2021-09-26T11:54:47.292Z] >>> [apiv2][body] POST https://upload-firebasehosting.googleapis.com/upload/sites/portfolder-794ce/versions/e94902fb817d54ea/files/b6d536a4ad34ade7f3e29832862aa72cf87c179a3c93752fc9097b31ae9e39ff [stream]
[debug] [2021-09-26T11:54:47.293Z] >>> [apiv2][query] POST https://upload-firebasehosting.googleapis.com/upload/sites/portfolder-794ce/versions/e94902fb817d54ea/files/8d58ea2de6d7f70913d4f85d80b2fcecefe6be4dcb92b0aaf08a982b001e4c7a [none]
[debug] [2021-09-26T11:54:47.293Z] >>> [apiv2][body] POST https://upload-firebasehosting.googleapis.com/upload/sites/portfolder-794ce/versions/e94902fb817d54ea/files/8d58ea2de6d7f70913d4f85d80b2fcecefe6be4dcb92b0aaf08a982b001e4c7a [stream]
[debug] [2021-09-26T11:54:47.294Z] >>> [apiv2][query] POST https://upload-firebasehosting.googleapis.com/upload/sites/portfolder-794ce/versions/e94902fb817d54ea/files/341d52628782f8ac9290bbfc43298afccb47b7cbfcee146ae30cf0f46bc30900 [none]
[debug] [2021-09-26T11:54:47.294Z] >>> [apiv2][body] POST https://upload-firebasehosting.googleapis.com/upload/sites/portfolder-794ce/versions/e94902fb817d54ea/files/341d52628782f8ac9290bbfc43298afccb47b7cbfcee146ae30cf0f46bc30900 [stream]
[debug] [2021-09-26T11:54:47.295Z] >>> [apiv2][query] POST https://upload-firebasehosting.googleapis.com/upload/sites/portfolder-794ce/versions/e94902fb817d54ea/files/11e7aafee771e1dddb43f8e9f058fb4d4d8dc5bf288a72f79c5a546407b1a124 [none]
[debug] [2021-09-26T11:54:47.295Z] >>> [apiv2][body] POST https://upload-firebasehosting.googleapis.com/upload/sites/portfolder-794ce/versions/e94902fb817d54ea/files/11e7aafee771e1dddb43f8e9f058fb4d4d8dc5bf288a72f79c5a546407b1a124 [stream]
[debug] [2021-09-26T11:54:47.296Z] >>> [apiv2][query] POST https://upload-firebasehosting.googleapis.com/upload/sites/portfolder-794ce/versions/e94902fb817d54ea/files/8662613b3a54a776fe55aaebbaba57a8dd60c04a10b51f4a2d996ff3d33c8699 [none]
[debug] [2021-09-26T11:54:47.296Z] >>> [apiv2][body] POST https://upload-firebasehosting.googleapis.com/upload/sites/portfolder-794ce/versions/e94902fb817d54ea/files/8662613b3a54a776fe55aaebbaba57a8dd60c04a10b51f4a2d996ff3d33c8699 [stream]
[debug] [2021-09-26T11:54:47.297Z] >>> [apiv2][query] POST https://upload-firebasehosting.googleapis.com/upload/sites/portfolder-794ce/versions/e94902fb817d54ea/files/391d14b3c2f8c9143a27a28c7399585142228d4d1bdbe2c87ac946de411fa9a2 [none]
[debug] [2021-09-26T11:54:47.297Z] >>> [apiv2][body] POST https://upload-firebasehosting.googleapis.com/upload/sites/portfolder-794ce/versions/e94902fb817d54ea/files/391d14b3c2f8c9143a27a28c7399585142228d4d1bdbe2c87ac946de411fa9a2 [stream]
[debug] [2021-09-26T11:54:47.299Z] >>> [apiv2][query] POST https://upload-firebasehosting.googleapis.com/upload/sites/portfolder-794ce/versions/e94902fb817d54ea/files/855bfc069a38ce9f24274bd2cf88eeb72c67db5b9777e1edbb64c5bd0b2a8444 [none]
[debug] [2021-09-26T11:54:47.299Z] >>> [apiv2][body] POST https://upload-firebasehosting.googleapis.com/upload/sites/portfolder-794ce/versions/e94902fb817d54ea/files/855bfc069a38ce9f24274bd2cf88eeb72c67db5b9777e1edbb64c5bd0b2a8444 [stream]
[debug] [2021-09-26T11:54:47.300Z] >>> [apiv2][query] POST https://upload-firebasehosting.googleapis.com/upload/sites/portfolder-794ce/versions/e94902fb817d54ea/files/dacbfbddb866b717cd31bd1c353e8c52f55e801e575dac21f02605217ab9f30f [none]
[debug] [2021-09-26T11:54:47.300Z] >>> [apiv2][body] POST https://upload-firebasehosting.googleapis.com/upload/sites/portfolder-794ce/versions/e94902fb817d54ea/files/dacbfbddb866b717cd31bd1c353e8c52f55e801e575dac21f02605217ab9f30f [stream]
[debug] [2021-09-26T11:54:47.301Z] >>> [apiv2][query] POST https://upload-firebasehosting.googleapis.com/upload/sites/portfolder-794ce/versions/e94902fb817d54ea/files/161b7699b3aef14a2041a4ca1d13fa1f5f8178bf9917ef90e8341bbf204c1fb6 [none]
[debug] [2021-09-26T11:54:47.301Z] >>> [apiv2][body] POST https://upload-firebasehosting.googleapis.com/upload/sites/portfolder-794ce/versions/e94902fb817d54ea/files/161b7699b3aef14a2041a4ca1d13fa1f5f8178bf9917ef90e8341bbf204c1fb6 [stream]
[debug] [2021-09-26T11:54:47.302Z] [hosting][populate queue][FINAL] {"max":1393,"min":1393,"avg":1393,"active":0,"complete":1,"success":1,"errored":0,"retried":0,"total":1,"elapsed":1418}
[debug] [2021-09-26T11:54:47.302Z] [hosting] uploads queued: 16
[debug] [2021-09-26T11:54:49.277Z] <<< [apiv2][status] POST https://upload-firebasehosting.googleapis.com/upload/sites/portfolder-794ce/versions/e94902fb817d54ea/files/c81fe46aa56ff717146af829dfdd7b9caa5caf51a1d8e65f6843335dec38c2f9 200
[debug] [2021-09-26T11:54:49.277Z] <<< [apiv2][body] POST https://upload-firebasehosting.googleapis.com/upload/sites/portfolder-794ce/versions/e94902fb817d54ea/files/c81fe46aa56ff717146af829dfdd7b9caa5caf51a1d8e65f6843335dec38c2f9 [stream]
[debug] [2021-09-26T11:54:49.326Z] <<< [apiv2][status] POST https://upload-firebasehosting.googleapis.com/upload/sites/portfolder-794ce/versions/e94902fb817d54ea/files/95c6c19d1765afb5e489883a64de60caa980aa45c129eae52568585d660be15a 200
[debug] [2021-09-26T11:54:49.326Z] <<< [apiv2][body] POST https://upload-firebasehosting.googleapis.com/upload/sites/portfolder-794ce/versions/e94902fb817d54ea/files/95c6c19d1765afb5e489883a64de60caa980aa45c129eae52568585d660be15a [stream]
[debug] [2021-09-26T11:54:49.734Z] <<< [apiv2][status] POST https://upload-firebasehosting.googleapis.com/upload/sites/portfolder-794ce/versions/e94902fb817d54ea/files/e239d13f107ec7553941f3895a31b08dff45b00d4afc63598c3cb5684f623297 200
[debug] [2021-09-26T11:54:49.734Z] <<< [apiv2][body] POST https://upload-firebasehosting.googleapis.com/upload/sites/portfolder-794ce/versions/e94902fb817d54ea/files/e239d13f107ec7553941f3895a31b08dff45b00d4afc63598c3cb5684f623297 [stream]
[debug] [2021-09-26T11:54:49.735Z] <<< [apiv2][status] POST https://upload-firebasehosting.googleapis.com/upload/sites/portfolder-794ce/versions/e94902fb817d54ea/files/6cc90f5a250034f401f527db40f4dee91c804d5384203325a129ad607f6e1a37 200
[debug] [2021-09-26T11:54:49.736Z] <<< [apiv2][body] POST https://upload-firebasehosting.googleapis.com/upload/sites/portfolder-794ce/versions/e94902fb817d54ea/files/6cc90f5a250034f401f527db40f4dee91c804d5384203325a129ad607f6e1a37 [stream]
[debug] [2021-09-26T11:54:49.737Z] <<< [apiv2][status] POST https://upload-firebasehosting.googleapis.com/upload/sites/portfolder-794ce/versions/e94902fb817d54ea/files/7f7aaa7fdc01bc2d7e5e98074f1f42f25a401795a7a5088aab9d256a67701b1f 200
[debug] [2021-09-26T11:54:49.738Z] <<< [apiv2][body] POST https://upload-firebasehosting.googleapis.com/upload/sites/portfolder-794ce/versions/e94902fb817d54ea/files/7f7aaa7fdc01bc2d7e5e98074f1f42f25a401795a7a5088aab9d256a67701b1f [stream]
[debug] [2021-09-26T11:54:49.739Z] <<< [apiv2][status] POST https://upload-firebasehosting.googleapis.com/upload/sites/portfolder-794ce/versions/e94902fb817d54ea/files/dacbfbddb866b717cd31bd1c353e8c52f55e801e575dac21f02605217ab9f30f 200
[debug] [2021-09-26T11:54:49.739Z] <<< [apiv2][body] POST https://upload-firebasehosting.googleapis.com/upload/sites/portfolder-794ce/versions/e94902fb817d54ea/files/dacbfbddb866b717cd31bd1c353e8c52f55e801e575dac21f02605217ab9f30f [stream]
[debug] [2021-09-26T11:54:49.740Z] <<< [apiv2][status] POST https://upload-firebasehosting.googleapis.com/upload/sites/portfolder-794ce/versions/e94902fb817d54ea/files/8d58ea2de6d7f70913d4f85d80b2fcecefe6be4dcb92b0aaf08a982b001e4c7a 200
[debug] [2021-09-26T11:54:49.740Z] <<< [apiv2][body] POST https://upload-firebasehosting.googleapis.com/upload/sites/portfolder-794ce/versions/e94902fb817d54ea/files/8d58ea2de6d7f70913d4f85d80b2fcecefe6be4dcb92b0aaf08a982b001e4c7a [stream]
[debug] [2021-09-26T11:54:49.741Z] <<< [apiv2][status] POST https://upload-firebasehosting.googleapis.com/upload/sites/portfolder-794ce/versions/e94902fb817d54ea/files/855bfc069a38ce9f24274bd2cf88eeb72c67db5b9777e1edbb64c5bd0b2a8444 200
[debug] [2021-09-26T11:54:49.741Z] <<< [apiv2][body] POST https://upload-firebasehosting.googleapis.com/upload/sites/portfolder-794ce/versions/e94902fb817d54ea/files/855bfc069a38ce9f24274bd2cf88eeb72c67db5b9777e1edbb64c5bd0b2a8444 [stream]
[debug] [2021-09-26T11:54:49.747Z] <<< [apiv2][status] POST https://upload-firebasehosting.googleapis.com/upload/sites/portfolder-794ce/versions/e94902fb817d54ea/files/b6d536a4ad34ade7f3e29832862aa72cf87c179a3c93752fc9097b31ae9e39ff 200
[debug] [2021-09-26T11:54:49.748Z] <<< [apiv2][body] POST https://upload-firebasehosting.googleapis.com/upload/sites/portfolder-794ce/versions/e94902fb817d54ea/files/b6d536a4ad34ade7f3e29832862aa72cf87c179a3c93752fc9097b31ae9e39ff [stream]
[debug] [2021-09-26T11:54:49.749Z] <<< [apiv2][status] POST https://upload-firebasehosting.googleapis.com/upload/sites/portfolder-794ce/versions/e94902fb817d54ea/files/391d14b3c2f8c9143a27a28c7399585142228d4d1bdbe2c87ac946de411fa9a2 200
[debug] [2021-09-26T11:54:49.749Z] <<< [apiv2][body] POST https://upload-firebasehosting.googleapis.com/upload/sites/portfolder-794ce/versions/e94902fb817d54ea/files/391d14b3c2f8c9143a27a28c7399585142228d4d1bdbe2c87ac946de411fa9a2 [stream]
[debug] [2021-09-26T11:54:49.757Z] <<< [apiv2][status] POST https://upload-firebasehosting.googleapis.com/upload/sites/portfolder-794ce/versions/e94902fb817d54ea/files/ea654bda1e9cc756dcee1bbd2a4c3dd70c089fdd50680543b7bbe9dc5d9743d3 200
[debug] [2021-09-26T11:54:49.757Z] <<< [apiv2][body] POST https://upload-firebasehosting.googleapis.com/upload/sites/portfolder-794ce/versions/e94902fb817d54ea/files/ea654bda1e9cc756dcee1bbd2a4c3dd70c089fdd50680543b7bbe9dc5d9743d3 [stream]
[debug] [2021-09-26T11:54:49.759Z] <<< [apiv2][status] POST https://upload-firebasehosting.googleapis.com/upload/sites/portfolder-794ce/versions/e94902fb817d54ea/files/161b7699b3aef14a2041a4ca1d13fa1f5f8178bf9917ef90e8341bbf204c1fb6 200
[debug] [2021-09-26T11:54:49.759Z] <<< [apiv2][body] POST https://upload-firebasehosting.googleapis.com/upload/sites/portfolder-794ce/versions/e94902fb817d54ea/files/161b7699b3aef14a2041a4ca1d13fa1f5f8178bf9917ef90e8341bbf204c1fb6 [stream]
[debug] [2021-09-26T11:54:49.775Z] <<< [apiv2][status] POST https://upload-firebasehosting.googleapis.com/upload/sites/portfolder-794ce/versions/e94902fb817d54ea/files/80fbfccd28d0a5099abbd74ee7317ef9d493d3392921ec01a36ab9ae2fdd8850 200
[debug] [2021-09-26T11:54:49.775Z] <<< [apiv2][body] POST https://upload-firebasehosting.googleapis.com/upload/sites/portfolder-794ce/versions/e94902fb817d54ea/files/80fbfccd28d0a5099abbd74ee7317ef9d493d3392921ec01a36ab9ae2fdd8850 [stream]
[debug] [2021-09-26T11:54:49.777Z] <<< [apiv2][status] POST https://upload-firebasehosting.googleapis.com/upload/sites/portfolder-794ce/versions/e94902fb817d54ea/files/341d52628782f8ac9290bbfc43298afccb47b7cbfcee146ae30cf0f46bc30900 200
[debug] [2021-09-26T11:54:49.777Z] <<< [apiv2][body] POST https://upload-firebasehosting.googleapis.com/upload/sites/portfolder-794ce/versions/e94902fb817d54ea/files/341d52628782f8ac9290bbfc43298afccb47b7cbfcee146ae30cf0f46bc30900 [stream]
[debug] [2021-09-26T11:54:49.881Z] <<< [apiv2][status] POST https://upload-firebasehosting.googleapis.com/upload/sites/portfolder-794ce/versions/e94902fb817d54ea/files/11e7aafee771e1dddb43f8e9f058fb4d4d8dc5bf288a72f79c5a546407b1a124 200
[debug] [2021-09-26T11:54:49.881Z] <<< [apiv2][body] POST https://upload-firebasehosting.googleapis.com/upload/sites/portfolder-794ce/versions/e94902fb817d54ea/files/11e7aafee771e1dddb43f8e9f058fb4d4d8dc5bf288a72f79c5a546407b1a124 [stream]
[debug] [2021-09-26T11:54:50.235Z] <<< [apiv2][status] POST https://upload-firebasehosting.googleapis.com/upload/sites/portfolder-794ce/versions/e94902fb817d54ea/files/8662613b3a54a776fe55aaebbaba57a8dd60c04a10b51f4a2d996ff3d33c8699 200
[debug] [2021-09-26T11:54:50.235Z] <<< [apiv2][body] POST https://upload-firebasehosting.googleapis.com/upload/sites/portfolder-794ce/versions/e94902fb817d54ea/files/8662613b3a54a776fe55aaebbaba57a8dd60c04a10b51f4a2d996ff3d33c8699 [stream]
[debug] [2021-09-26T11:54:50.235Z] [hosting][upload queue][FINAL] {"max":2959,"min":2003,"avg":2457.5,"active":0,"complete":16,"success":16,"errored":0,"retried":0,"total":16,"elapsed":2963}
[info] ✔  hosting[portfolder-794ce]: file upload complete 
[debug] [2021-09-26T11:54:50.236Z] [hosting] deploy completed after 4648ms
[debug] [2021-09-26T11:54:50.239Z] [
  {
    "config": {
      "public": "build",
      "ignore": [
        "firebase.json",
        "**/.*",
        "**/node_modules/**"
      ],
      "rewrites": [
        {
          "source": "**",
          "destination": "/index.html"
        }
      ],
      "site": "portfolder-794ce"
    },
    "site": "portfolder-794ce",
    "version": "sites/portfolder-794ce/versions/e94902fb817d54ea"
  }
]
[info] i  hosting[portfolder-794ce]: finalizing version... 
[debug] [2021-09-26T11:54:50.239Z] > refreshing access token with scopes: ["email","https://www.googleapis.com/auth/cloud-platform","https://www.googleapis.com/auth/cloudplatformprojects.readonly","https://www.googleapis.com/auth/firebase","openid"]
[debug] [2021-09-26T11:54:50.240Z] >>> HTTP REQUEST POST https://www.googleapis.com/oauth2/v3/token  
 <request body omitted>
[debug] [2021-09-26T11:54:50.474Z] <<< HTTP RESPONSE 200 {"pragma":"no-cache","expires":"Mon, 01 Jan 1990 00:00:00 GMT","date":"Sun, 26 Sep 2021 11:54:50 GMT","cache-control":"no-cache, no-store, max-age=0, must-revalidate","content-type":"application/json; charset=utf-8","vary":"X-Origin, Referer, Origin,Accept-Encoding","server":"scaffolding on HTTPServer2","x-xss-protection":"0","x-frame-options":"SAMEORIGIN","x-content-type-options":"nosniff","alt-svc":"h3=\":443\"; ma=2592000,h3-29=\":443\"; ma=2592000,h3-T051=\":443\"; ma=2592000,h3-Q050=\":443\"; ma=2592000,h3-Q046=\":443\"; ma=2592000,h3-Q043=\":443\"; ma=2592000,quic=\":443\"; ma=2592000; v=\"46,43\"","accept-ranges":"none","transfer-encoding":"chunked"}
[debug] [2021-09-26T11:54:50.502Z] >>> HTTP REQUEST PATCH https://firebasehosting.googleapis.com/v1beta1/sites/portfolder-794ce/versions/e94902fb817d54ea?updateMask=status  
 {"status":"FINALIZED"}
[debug] [2021-09-26T11:54:51.569Z] <<< HTTP RESPONSE 200 {"content-type":"application/json; charset=UTF-8","vary":"X-Origin, Referer, Origin,Accept-Encoding","date":"Sun, 26 Sep 2021 11:54:51 GMT","server":"ESF","cache-control":"private","x-xss-protection":"0","x-frame-options":"SAMEORIGIN","x-content-type-options":"nosniff","alt-svc":"h3=\":443\"; ma=2592000,h3-29=\":443\"; ma=2592000,h3-T051=\":443\"; ma=2592000,h3-Q050=\":443\"; ma=2592000,h3-Q046=\":443\"; ma=2592000,h3-Q043=\":443\"; ma=2592000,quic=\":443\"; ma=2592000; v=\"46,43\"","accept-ranges":"none","transfer-encoding":"chunked"}
[debug] [2021-09-26T11:54:51.570Z] [hosting] finalized version for portfolder-794ce: {"name":"sites/portfolder-794ce/versions/e94902fb817d54ea","status":"FINALIZED","config":{"rewrites":[{"glob":"**","path":"/index.html"}]},"labels":{"deployment-tool":"cli-firebase"},"createTime":"2021-09-26T11:54:45.097547Z","createUser":{"email":"b.nxxxi551@gmail.com"},"finalizeTime":"2021-09-26T11:54:51.422606Z","finalizeUser":{"email":"b.nxxxi551@gmail.com"}}
[info] ✔  hosting[portfolder-794ce]: version finalized 
[info] i  hosting[portfolder-794ce]: releasing new version... 
[debug] [2021-09-26T11:54:51.572Z] >>> HTTP REQUEST POST https://firebasehosting.googleapis.com/v1beta1/sites/portfolder-794ce/releases?version_name=sites/portfolder-794ce/versions/e94902fb817d54ea  
 {"message":null}
